
GET /api/contacts/ 10-07-2023_11:48:31
GET /api/books/ 10-07-2023_11:49:18
GET /api/contacts/ 10-07-2023_11:50:11
GET /api/contacts/ 10-07-2023_12:14:51
GET /api/contacts/ 10-07-2023_12:15:47
GET /api/contacts/ 10-07-2023_12:17:48
GET /api/contacts/C9sjBfCo4UJCWjzBnOtxl 10-07-2023_12:18:18
GET /api/contacts/C9sjBfCo4UJCWjzBnOtxl 10-07-2023_12:18:58
GET /api/contacts/ 11-07-2023_08:30:54
GET /api/contacts/ 11-07-2023_08:33:35
GET /api/contacts/ 11-07-2023_08:40:55
GET /api/contacts/ 11-07-2023_08:41:06
GET /api/contacts/ 11-07-2023_08:41:12
GET /api/contacts/qdggE76Jtbfd9eWJHrssH 11-07-2023_08:41:22
GET /api/contacts/qdggE76Jtbfd9eWJHrssH 11-07-2023_08:42:01
GET /api/contacts/qdggE76Jtbfd9eWJHrssH 11-07-2023_08:42:19
GET /api/contacts/qdggE76Jtbfd9eWJHrssH 11-07-2023_08:42:42
GET /api/contacts/qdggE76Jtbfd9eWJHrssH 11-07-2023_08:44:06
GET /api/contacts/qdggE76Jtbfd9eWJHrssH 11-07-2023_08:44:25
GET /api/contacts/qdggE76Jtbfd9eWJHrssH 11-07-2023_08:46:44
GET /api/contacts/qdggE76Jtbfd9eWJHrssH1 11-07-2023_08:51:03
GET /api/contacts/qdggE76Jtbfd9eWJHrssH 11-07-2023_08:51:05
GET /api/contacts/qdggE76Jtbfd9eWJHrssH 11-07-2023_09:16:13
GET /api/contacts/qdggE76Jtbfd9eWJHrssH1 11-07-2023_09:16:14
GET /api/contacts/qdggE76Jtbfd9eWJHrssH1 11-07-2023_09:17:26
GET /api/contacts/qdggE76Jtbfd9eWJHrssH1 11-07-2023_09:21:22
GET /api/contacts/qdggE76Jtbfd9eWJHrssH1 11-07-2023_09:25:54
GET /api/contacts/qdggE76Jtbfd9eWJHrssH 11-07-2023_09:25:58
GET /api/contacts/ 11-07-2023_09:26:04
GET /api/contacts/ 11-07-2023_09:26:10
GET /api/contacts/ 11-07-2023_09:26:21
POST /api/contacts/ 11-07-2023_09:43:49
POST /api/contacts/ 11-07-2023_09:45:08
GET /api/contacts/ 11-07-2023_09:48:50
POST /api/contacts/ 11-07-2023_09:48:57
GET /api/contacts/ 11-07-2023_09:49:01
GET /api/contacts/ 11-07-2023_09:50:15
POST /api/contacts/ 11-07-2023_09:50:18
GET /api/contacts/ 11-07-2023_09:50:28
GET /api/contacts/ 11-07-2023_10:47:06
POST /api/contacts/ 11-07-2023_10:47:49
POST /api/contacts/ 11-07-2023_10:47:55
POST /api/contacts/ 11-07-2023_10:48:08
GET /api/contacts/ 11-07-2023_10:50:03
PUT /api/contacts/seyo5xJpESCrI7zWFkoXe 11-07-2023_11:01:29
GET /api/contacts/ 11-07-2023_11:03:55
PUT /api/contacts/seyo5xJpESCrI7zWFkoXe 11-07-2023_11:04:21
PUT /api/contacts/seyo5xJpESCrI7zWFkoXe 11-07-2023_11:05:21
PUT /api/contacts/seyo5xJpESCrI7zWFkoXe 11-07-2023_11:05:25
PUT /api/contacts/seyo5xJpESCrI7zWFkoXe 11-07-2023_11:06:28
PUT /api/contacts/seyo5xJpESCrI7zWFkoXe 11-07-2023_11:07:43
PUT /api/contacts/seyo5xJpESCrI7zWFkoXe 11-07-2023_11:08:26
PUT /api/contacts/seyo5xJpESCrI7zWFkoXe 11-07-2023_11:17:28
DELETE /api/contacts/seyo5xJpESCrI7zWFkoXe 11-07-2023_11:17:37
POST /api/contacts/ 11-07-2023_11:20:27
DELETE /api/contacts/1_eTLH0UVt6oj7u4BgRuy 11-07-2023_11:20:35
GET /api/contacts/ 11-07-2023_11:46:36
GET /api/contacts/ 11-07-2023_11:46:50
GET /api/contacts/ 11-07-2023_11:47:37
GET /api/contacts/ 11-07-2023_11:48:14
GET /api/contacts/ 11-07-2023_11:48:59
GET /api/contacts/ 11-07-2023_11:49:24
GET /api/contacts/ 11-07-2023_11:51:20
GET /api/contacts/ 11-07-2023_11:56:22
GET /api/contacts/ 11-07-2023_11:58:12
GET /api/contacts/qdggE76Jtbfd9eWJHrssH 11-07-2023_11:58:23
GET /api/contacts/qdggE76Jtbfd9eWJHrssH 11-07-2023_11:58:44
POST /api/contacts/ 11-07-2023_12:00:13
GET /api/contacts/qdggE76Jtbfd9eWJHrssH 11-07-2023_12:01:40
GET /api/contacts/ 11-07-2023_12:08:54
GET /api/contacts/ 11-07-2023_12:09:16
GET /api/contacts/ 11-07-2023_12:09:47
GET /api/contacts/ 11-07-2023_12:12:54
GET /api/contacts/ 11-07-2023_12:14:26
GET /api/contacts/ 11-07-2023_12:15:01
GET /api/contacts/ 11-07-2023_12:17:26
GET /api/contacts/qdggE76Jtbfd9eWJHrssH 11-07-2023_12:18:27
POST /api/contacts/ 11-07-2023_12:18:36
PUT /api/contacts/qe9kKeLsGKi2UJGZzsREJ 11-07-2023_12:19:03
DELETE /api/contacts/qe9kKeLsGKi2UJGZzsREJ 11-07-2023_12:19:11